<?xml version="1.0" encoding="UTF-8"?>
<testng-results ignored="0" total="1" passed="1" failed="0" skipped="0">
  <reporter-output>
  </reporter-output>
  <suite started-at="2021-07-03T18:14:41Z" name="Suite" finished-at="2021-07-03T18:14:41Z" duration-ms="48">
    <groups>
    </groups>
    <test started-at="2021-07-03T18:14:41Z" name="Test" finished-at="2021-07-03T18:14:41Z" duration-ms="48">
      <class name="gitsample.gitpractice.App">
        <test-method signature="sai()[pri:0, instance:gitsample.gitpractice.App@57ad2aa7]" started-at="2021-07-03T18:14:41Z" name="sai" finished-at="2021-07-03T18:14:41Z" duration-ms="14" status="PASS">
          <reporter-output>
          </reporter-output>
        </test-method> <!-- sai -->
      </class> <!-- gitsample.gitpractice.App -->
    </test> <!-- Test -->
  </suite> <!-- Suite -->
</testng-results>
